2025-07-21 22:13:53 | INFO     | services:load_data:14 - Загрузка данных для протокола из JSON файла
2025-07-21 22:16:42 | SUCCESS  | services:load_data:16 - Данный для протокола успешно загружены
2025-07-21 22:17:03 | INFO     | services:generate_protocol:21 - Начинаю генерить протокол
2025-07-21 22:17:36 | DEBUG    | base_section:__init__:19 - Инициализация раздела протокола
2025-07-21 22:17:43 | DEBUG    | base_section:__init__:19 - Инициализация раздела протокола
2025-07-21 22:17:45 | DEBUG    | base_section:__init__:19 - Инициализация раздела протокола
2025-07-21 22:17:48 | DEBUG    | base_section:__init__:19 - Инициализация раздела протокола
2025-07-21 22:17:51 | DEBUG    | base_section:__init__:19 - Инициализация раздела протокола
2025-07-21 22:17:54 | DEBUG    | base_section:__init__:19 - Инициализация раздела протокола
2025-07-21 22:18:05 | INFO     | header_section:build:9 - Начало построения титульного листа
2025-07-21 22:18:08 | INFO     | base_section:_add_heading:27 - Добавление заголовка: ПРОТОКОЛ № __
2025-07-21 22:18:15 | DEBUG    | base_section:_add_paragraph:32 - Добавление абзаца: Испытательный центр: ООО «НИЦ «Кабель-Тест»Адрес: ...
2025-07-21 22:18:16 | DEBUG    | base_section:_add_table:39 - Создание таблицы: 3x3
2025-07-21 22:18:22 | SUCCESS  | header_section:build:31 - Титульный лист сформирован
2025-07-21 22:18:23 | INFO     | basis_section:build:7 - Формирование раздела 'Основание для испытаний'
2025-07-21 22:18:24 | INFO     | base_section:_add_heading:27 - Добавление заголовка: Основание для проведения исытаний
2025-07-21 22:18:25 | DEBUG    | base_section:_add_paragraph:32 - Добавление абзаца: Документы на проведение сертификационных испытаний...
2025-07-21 22:18:26 | DEBUG    | basis_section:build:14 - Раздел для основания испытаний завершен
2025-07-21 22:18:28 | INFO     | customer_section:build:7 - Формирование раздела Информация о заказчике
2025-07-21 22:18:28 | INFO     | base_section:_add_heading:27 - Добавление заголовка: 2 Информация о заказчике
2025-07-21 22:18:32 | DEBUG    | base_section:_add_paragraph:32 - Добавление абзаца: Наименование: ОС «ВНИИНМАШ»
Юридический адрес: 119...
2025-07-21 22:18:34 | DEBUG    | customer_section:build:23 - Раздел 'Информация о заказчике' завершен
2025-07-21 22:18:35 | INFO     | equipment_section:build:7 - Формирование раздела 'Оборудование'
2025-07-21 22:18:36 | INFO     | base_section:_add_heading:27 - Добавление заголовка: 3 Перечень применяемого испытательного оборудования и средств измерений
2025-07-21 22:18:40 | DEBUG    | base_section:_add_table:39 - Создание таблицы: 6x8
2025-07-21 22:19:03 | SUCCESS  | equipment_section:build:38 - Добавлено 5 единиц оборудования
2025-07-21 22:19:10 | INFO     | test_result_section:build:8 - Начало формировани раздела 'Результаты испытаний'
2025-07-21 22:19:18 | INFO     | base_section:_add_heading:27 - Добавление заголовка: 4 Результаты испытаний на соответствие техническим требованиям            представлены в таблице 2
2025-07-21 22:19:22 | INFO     | signatures_section:build:8 - Формирование раздела 'Подписи'
2025-07-21 22:19:23 | DEBUG    | base_section:_add_paragraph:32 - Добавление абзаца: Испытания провели: Н.Е. Молчанов...
2025-07-21 22:19:25 | DEBUG    | base_section:_add_table:39 - Создание таблицы: 2x2
2025-07-21 22:19:30 | DEBUG    | signatures_section:build:17 - Раздел "Подписи" завершен
2025-07-21 22:19:32 | SUCCESS  | services:generate_protocol:24 - Протокол успшно создан: D:\My_projects\protocol_generator\output\Протокол_МСЭО 15-11 2х0,12.docx
2025-07-21 22:20:33 | INFO     | services:load_data:14 - Загрузка данных для протокола из JSON файла
2025-07-21 22:20:33 | SUCCESS  | services:load_data:16 - Данный для протокола успешно загружены
2025-07-21 22:20:33 | INFO     | services:generate_protocol:21 - Начинаю генерить протокол
2025-07-21 22:20:33 | DEBUG    | base_section:__init__:19 - Инициализация раздела протокола
2025-07-21 22:20:33 | DEBUG    | base_section:__init__:19 - Инициализация раздела протокола
2025-07-21 22:20:33 | DEBUG    | base_section:__init__:19 - Инициализация раздела протокола
2025-07-21 22:20:33 | DEBUG    | base_section:__init__:19 - Инициализация раздела протокола
2025-07-21 22:20:33 | DEBUG    | base_section:__init__:19 - Инициализация раздела протокола
2025-07-21 22:20:33 | DEBUG    | base_section:__init__:19 - Инициализация раздела протокола
2025-07-21 22:20:33 | INFO     | header_section:build:9 - Начало построения титульного листа
2025-07-21 22:20:33 | INFO     | base_section:_add_heading:27 - Добавление заголовка: ПРОТОКОЛ № __
2025-07-21 22:20:33 | DEBUG    | base_section:_add_paragraph:32 - Добавление абзаца: Испытательный центр: ООО «НИЦ «Кабель-Тест»Адрес: ...
2025-07-21 22:20:33 | DEBUG    | base_section:_add_table:39 - Создание таблицы: 3x3
2025-07-21 22:20:33 | SUCCESS  | header_section:build:31 - Титульный лист сформирован
2025-07-21 22:20:33 | INFO     | basis_section:build:7 - Формирование раздела 'Основание для испытаний'
2025-07-21 22:20:33 | INFO     | base_section:_add_heading:27 - Добавление заголовка: Основание для проведения исытаний
2025-07-21 22:20:33 | DEBUG    | base_section:_add_paragraph:32 - Добавление абзаца: Документы на проведение сертификационных испытаний...
2025-07-21 22:20:33 | DEBUG    | basis_section:build:14 - Раздел для основания испытаний завершен
2025-07-21 22:20:33 | INFO     | customer_section:build:7 - Формирование раздела Информация о заказчике
2025-07-21 22:20:33 | INFO     | base_section:_add_heading:27 - Добавление заголовка: 2 Информация о заказчике
2025-07-21 22:20:33 | DEBUG    | base_section:_add_paragraph:32 - Добавление абзаца: Наименование: ОС «ВНИИНМАШ»
Юридический адрес: 119...
2025-07-21 22:20:33 | DEBUG    | customer_section:build:23 - Раздел 'Информация о заказчике' завершен
2025-07-21 22:20:33 | INFO     | equipment_section:build:7 - Формирование раздела 'Оборудование'
2025-07-21 22:20:33 | INFO     | base_section:_add_heading:27 - Добавление заголовка: 3 Перечень применяемого испытательного оборудования и средств измерений
2025-07-21 22:20:33 | DEBUG    | base_section:_add_table:39 - Создание таблицы: 6x8
2025-07-21 22:20:33 | SUCCESS  | equipment_section:build:38 - Добавлено 5 единиц оборудования
2025-07-21 22:20:33 | INFO     | test_result_section:build:8 - Начало формировани раздела 'Результаты испытаний'
2025-07-21 22:20:33 | INFO     | base_section:_add_heading:27 - Добавление заголовка: 4 Результаты испытаний на соответствие техническим требованиям            представлены в таблице 2
2025-07-21 22:20:33 | INFO     | signatures_section:build:8 - Формирование раздела 'Подписи'
2025-07-21 22:20:33 | DEBUG    | base_section:_add_paragraph:32 - Добавление абзаца: Испытания провели: Н.Е. Молчанов...
2025-07-21 22:20:33 | DEBUG    | base_section:_add_table:39 - Создание таблицы: 2x2
2025-07-21 22:20:33 | DEBUG    | signatures_section:build:17 - Раздел "Подписи" завершен
2025-07-21 22:20:33 | SUCCESS  | services:generate_protocol:24 - Протокол успшно создан: D:\My_projects\protocol_generator\output\Протокол_МСЭО 15-11 2х0,12.docx
2025-07-21 22:23:19 | INFO     | services:load_data:14 - Загрузка данных для протокола из JSON файла
2025-07-21 22:23:19 | SUCCESS  | services:load_data:16 - Данный для протокола успешно загружены
2025-07-21 22:23:19 | INFO     | services:generate_protocol:21 - Начинаю генерить протокол
2025-07-21 22:23:19 | DEBUG    | base_section:__init__:19 - Инициализация раздела протокола
2025-07-21 22:23:19 | DEBUG    | base_section:__init__:19 - Инициализация раздела протокола
2025-07-21 22:23:19 | DEBUG    | base_section:__init__:19 - Инициализация раздела протокола
2025-07-21 22:23:19 | DEBUG    | base_section:__init__:19 - Инициализация раздела протокола
2025-07-21 22:23:19 | DEBUG    | base_section:__init__:19 - Инициализация раздела протокола
2025-07-21 22:23:19 | DEBUG    | base_section:__init__:19 - Инициализация раздела протокола
2025-07-21 22:23:19 | INFO     | header_section:build:9 - Начало построения титульного листа
2025-07-21 22:23:19 | INFO     | base_section:_add_heading:27 - Добавление заголовка: ПРОТОКОЛ № __
2025-07-21 22:23:19 | DEBUG    | base_section:_add_paragraph:32 - Добавление абзаца: Испытательный центр: ООО «НИЦ «Кабель-Тест»Адрес: ...
2025-07-21 22:23:19 | DEBUG    | base_section:_add_table:39 - Создание таблицы: 3x3
2025-07-21 22:23:19 | SUCCESS  | header_section:build:31 - Титульный лист сформирован
2025-07-21 22:23:19 | INFO     | basis_section:build:7 - Формирование раздела 'Основание для испытаний'
2025-07-21 22:23:19 | INFO     | base_section:_add_heading:27 - Добавление заголовка: 1 Основание для проведения исытаний
2025-07-21 22:23:19 | DEBUG    | base_section:_add_paragraph:32 - Добавление абзаца: Документы на проведение сертификационных испытаний...
2025-07-21 22:23:19 | DEBUG    | basis_section:build:14 - Раздел для основания испытаний завершен
2025-07-21 22:23:19 | INFO     | customer_section:build:7 - Формирование раздела Информация о заказчике
2025-07-21 22:23:19 | INFO     | base_section:_add_heading:27 - Добавление заголовка: 2 Информация о заказчике
2025-07-21 22:23:19 | DEBUG    | base_section:_add_paragraph:32 - Добавление абзаца: Наименование: ОС «ВНИИНМАШ»
Юридический адрес: 119...
2025-07-21 22:23:19 | DEBUG    | customer_section:build:23 - Раздел 'Информация о заказчике' завершен
2025-07-21 22:23:19 | INFO     | equipment_section:build:7 - Формирование раздела 'Оборудование'
2025-07-21 22:23:19 | INFO     | base_section:_add_heading:27 - Добавление заголовка: 3 Перечень применяемого испытательного оборудования и средств измерений
2025-07-21 22:23:19 | DEBUG    | base_section:_add_table:39 - Создание таблицы: 6x8
2025-07-21 22:23:19 | SUCCESS  | equipment_section:build:38 - Добавлено 5 единиц оборудования
2025-07-21 22:23:19 | INFO     | test_result_section:build:8 - Начало формировани раздела 'Результаты испытаний'
2025-07-21 22:23:19 | INFO     | base_section:_add_heading:27 - Добавление заголовка: 4 Результаты испытаний на соответствие техническим требованиям            представлены в таблице 2
2025-07-21 22:23:19 | INFO     | signatures_section:build:8 - Формирование раздела 'Подписи'
2025-07-21 22:23:19 | DEBUG    | base_section:_add_paragraph:32 - Добавление абзаца: Испытания провели: Н.Е. Молчанов...
2025-07-21 22:23:19 | DEBUG    | base_section:_add_table:39 - Создание таблицы: 2x2
2025-07-21 22:23:19 | DEBUG    | signatures_section:build:17 - Раздел "Подписи" завершен
2025-07-21 22:23:19 | SUCCESS  | services:generate_protocol:24 - Протокол успшно создан: D:\My_projects\protocol_generator\output\Протокол_МСЭО 15-11 2х0,12.docx
2025-07-21 22:26:57 | INFO     | services:load_data:14 - Загрузка данных для протокола из JSON файла
2025-07-21 22:26:57 | SUCCESS  | services:load_data:16 - Данный для протокола успешно загружены
2025-07-21 22:26:57 | INFO     | services:generate_protocol:21 - Начинаю генерить протокол
2025-07-21 22:26:57 | DEBUG    | base_section:__init__:19 - Инициализация раздела протокола
2025-07-21 22:26:57 | DEBUG    | base_section:__init__:19 - Инициализация раздела протокола
2025-07-21 22:26:57 | DEBUG    | base_section:__init__:19 - Инициализация раздела протокола
2025-07-21 22:26:57 | DEBUG    | base_section:__init__:19 - Инициализация раздела протокола
2025-07-21 22:26:57 | DEBUG    | base_section:__init__:19 - Инициализация раздела протокола
2025-07-21 22:26:57 | DEBUG    | base_section:__init__:19 - Инициализация раздела протокола
2025-07-21 22:26:57 | INFO     | header_section:build:9 - Начало построения титульного листа
2025-07-21 22:26:57 | INFO     | base_section:_add_heading:27 - Добавление заголовка: ПРОТОКОЛ № __
2025-07-21 22:26:57 | DEBUG    | base_section:_add_paragraph:32 - Добавление абзаца: Испытательный центр: ООО «НИЦ «Кабель-Тест»Адрес: ...
2025-07-21 22:26:57 | DEBUG    | base_section:_add_table:39 - Создание таблицы: 3x3
2025-07-21 22:26:57 | SUCCESS  | header_section:build:31 - Титульный лист сформирован
2025-07-21 22:26:57 | INFO     | basis_section:build:7 - Формирование раздела 'Основание для испытаний'
2025-07-21 22:26:57 | INFO     | base_section:_add_heading:27 - Добавление заголовка: 1 Основание для проведения исытаний
2025-07-21 22:26:57 | DEBUG    | base_section:_add_paragraph:32 - Добавление абзаца: Документы на проведение сертификационных испытаний...
2025-07-21 22:26:57 | DEBUG    | basis_section:build:14 - Раздел для основания испытаний завершен
2025-07-21 22:26:57 | INFO     | customer_section:build:7 - Формирование раздела Информация о заказчике
2025-07-21 22:26:57 | INFO     | base_section:_add_heading:27 - Добавление заголовка: 2 Информация о заказчике
2025-07-21 22:26:57 | DEBUG    | base_section:_add_paragraph:32 - Добавление абзаца: Наименование: ОС «ВНИИНМАШ»
Юридический адрес: 119...
2025-07-21 22:26:57 | DEBUG    | customer_section:build:23 - Раздел 'Информация о заказчике' завершен
2025-07-21 22:26:57 | INFO     | equipment_section:build:7 - Формирование раздела 'Оборудование'
2025-07-21 22:26:57 | INFO     | base_section:_add_heading:27 - Добавление заголовка: 3 Перечень применяемого испытательного оборудования и средств измерений
2025-07-21 22:26:57 | DEBUG    | base_section:_add_table:39 - Создание таблицы: 6x8
2025-07-21 22:26:57 | SUCCESS  | equipment_section:build:40 - Добавлено 5 единиц оборудования
2025-07-21 22:26:57 | INFO     | test_result_section:build:8 - Начало формировани раздела 'Результаты испытаний'
2025-07-21 22:26:57 | INFO     | base_section:_add_heading:27 - Добавление заголовка: 4 Результаты испытаний на соответствие техническим требованиям            представлены в таблице 2
2025-07-21 22:26:57 | INFO     | signatures_section:build:8 - Формирование раздела 'Подписи'
2025-07-21 22:26:57 | DEBUG    | base_section:_add_paragraph:32 - Добавление абзаца: Испытания провели: Н.Е. Молчанов...
2025-07-21 22:26:57 | DEBUG    | base_section:_add_table:39 - Создание таблицы: 2x2
2025-07-21 22:26:57 | DEBUG    | signatures_section:build:17 - Раздел "Подписи" завершен
2025-07-21 22:26:57 | SUCCESS  | services:generate_protocol:24 - Протокол успшно создан: D:\My_projects\protocol_generator\output\Протокол_МСЭО 15-11 2х0,12.docx
2025-07-21 22:29:53 | INFO     | services:load_data:14 - Загрузка данных для протокола из JSON файла
2025-07-21 22:29:53 | SUCCESS  | services:load_data:16 - Данный для протокола успешно загружены
2025-07-21 22:29:53 | INFO     | services:generate_protocol:21 - Начинаю генерить протокол
2025-07-21 22:29:53 | DEBUG    | base_section:__init__:19 - Инициализация раздела протокола
2025-07-21 22:29:53 | DEBUG    | base_section:__init__:19 - Инициализация раздела протокола
2025-07-21 22:29:53 | DEBUG    | base_section:__init__:19 - Инициализация раздела протокола
2025-07-21 22:29:53 | DEBUG    | base_section:__init__:19 - Инициализация раздела протокола
2025-07-21 22:29:53 | DEBUG    | base_section:__init__:19 - Инициализация раздела протокола
2025-07-21 22:29:53 | DEBUG    | base_section:__init__:19 - Инициализация раздела протокола
2025-07-21 22:29:53 | INFO     | header_section:build:9 - Начало построения титульного листа
2025-07-21 22:29:53 | INFO     | base_section:_add_heading:27 - Добавление заголовка: ПРОТОКОЛ № __
2025-07-21 22:29:53 | DEBUG    | base_section:_add_paragraph:32 - Добавление абзаца: Испытательный центр: ООО «НИЦ «Кабель-Тест»Адрес: ...
2025-07-21 22:29:53 | DEBUG    | base_section:_add_table:39 - Создание таблицы: 3x3
2025-07-21 22:29:53 | SUCCESS  | header_section:build:31 - Титульный лист сформирован
2025-07-21 22:29:53 | INFO     | basis_section:build:7 - Формирование раздела 'Основание для испытаний'
2025-07-21 22:29:53 | INFO     | base_section:_add_heading:27 - Добавление заголовка: 1 Основание для проведения исытаний
2025-07-21 22:29:53 | DEBUG    | base_section:_add_paragraph:32 - Добавление абзаца: Документы на проведение сертификационных испытаний...
2025-07-21 22:29:53 | DEBUG    | basis_section:build:14 - Раздел для основания испытаний завершен
2025-07-21 22:29:53 | INFO     | customer_section:build:7 - Формирование раздела Информация о заказчике
2025-07-21 22:29:53 | INFO     | base_section:_add_heading:27 - Добавление заголовка: 2 Информация о заказчике
2025-07-21 22:29:53 | DEBUG    | base_section:_add_paragraph:32 - Добавление абзаца: Наименование: ОС «ВНИИНМАШ»
Юридический адрес: 119...
2025-07-21 22:29:53 | DEBUG    | customer_section:build:23 - Раздел 'Информация о заказчике' завершен
2025-07-21 22:29:53 | INFO     | equipment_section:build:7 - Формирование раздела 'Оборудование'
2025-07-21 22:29:53 | INFO     | base_section:_add_heading:27 - Добавление заголовка: 3 Перечень применяемого испытательного оборудования и средств измерений
2025-07-21 22:29:53 | DEBUG    | base_section:_add_table:39 - Создание таблицы: 6x8
2025-07-21 22:29:53 | SUCCESS  | equipment_section:build:41 - Добавлено 5 единиц оборудования
2025-07-21 22:29:53 | INFO     | test_result_section:build:8 - Начало формировани раздела 'Результаты испытаний'
2025-07-21 22:29:53 | INFO     | base_section:_add_heading:27 - Добавление заголовка: 4 Результаты испытаний на соответствие техническим требованиям            представлены в таблице 2
2025-07-21 22:29:53 | INFO     | signatures_section:build:8 - Формирование раздела 'Подписи'
2025-07-21 22:29:53 | DEBUG    | base_section:_add_paragraph:32 - Добавление абзаца: Испытания провели: Н.Е. Молчанов...
2025-07-21 22:29:53 | DEBUG    | base_section:_add_table:39 - Создание таблицы: 2x2
2025-07-21 22:29:53 | DEBUG    | signatures_section:build:17 - Раздел "Подписи" завершен
2025-07-21 22:29:53 | SUCCESS  | services:generate_protocol:24 - Протокол успшно создан: D:\My_projects\protocol_generator\output\Протокол_МСЭО 15-11 2х0,12.docx
2025-07-21 22:31:41 | INFO     | services:load_data:14 - Загрузка данных для протокола из JSON файла
2025-07-21 22:31:41 | SUCCESS  | services:load_data:16 - Данный для протокола успешно загружены
2025-07-21 22:31:41 | INFO     | services:generate_protocol:21 - Начинаю генерить протокол
2025-07-21 22:31:41 | DEBUG    | base_section:__init__:19 - Инициализация раздела протокола
2025-07-21 22:31:41 | DEBUG    | base_section:__init__:19 - Инициализация раздела протокола
2025-07-21 22:31:41 | DEBUG    | base_section:__init__:19 - Инициализация раздела протокола
2025-07-21 22:31:41 | DEBUG    | base_section:__init__:19 - Инициализация раздела протокола
2025-07-21 22:31:41 | DEBUG    | base_section:__init__:19 - Инициализация раздела протокола
2025-07-21 22:31:41 | DEBUG    | base_section:__init__:19 - Инициализация раздела протокола
2025-07-21 22:31:41 | INFO     | header_section:build:9 - Начало построения титульного листа
2025-07-21 22:31:41 | INFO     | base_section:_add_heading:27 - Добавление заголовка: ПРОТОКОЛ № __
2025-07-21 22:31:41 | DEBUG    | base_section:_add_paragraph:32 - Добавление абзаца: Испытательный центр: ООО «НИЦ «Кабель-Тест»Адрес: ...
2025-07-21 22:31:41 | DEBUG    | base_section:_add_table:39 - Создание таблицы: 3x3
2025-07-21 22:31:41 | SUCCESS  | header_section:build:31 - Титульный лист сформирован
2025-07-21 22:31:41 | INFO     | basis_section:build:7 - Формирование раздела 'Основание для испытаний'
2025-07-21 22:31:41 | INFO     | base_section:_add_heading:27 - Добавление заголовка: 1 Основание для проведения исытаний
2025-07-21 22:31:41 | DEBUG    | base_section:_add_paragraph:32 - Добавление абзаца: Документы на проведение сертификационных испытаний...
2025-07-21 22:31:41 | DEBUG    | basis_section:build:14 - Раздел для основания испытаний завершен
2025-07-21 22:31:41 | INFO     | customer_section:build:7 - Формирование раздела Информация о заказчике
2025-07-21 22:31:41 | INFO     | base_section:_add_heading:27 - Добавление заголовка: 2 Информация о заказчике
2025-07-21 22:31:41 | DEBUG    | base_section:_add_paragraph:32 - Добавление абзаца: Наименование: ОС «ВНИИНМАШ»
Юридический адрес: 119...
2025-07-21 22:31:41 | DEBUG    | customer_section:build:23 - Раздел 'Информация о заказчике' завершен
2025-07-21 22:31:41 | INFO     | equipment_section:build:7 - Формирование раздела 'Оборудование'
2025-07-21 22:31:41 | INFO     | base_section:_add_heading:27 - Добавление заголовка: 3 Перечень применяемого испытательного оборудования и средств измерений
2025-07-21 22:31:41 | DEBUG    | base_section:_add_table:39 - Создание таблицы: 6x8
2025-07-21 22:32:34 | INFO     | services:load_data:14 - Загрузка данных для протокола из JSON файла
2025-07-21 22:32:34 | SUCCESS  | services:load_data:16 - Данный для протокола успешно загружены
2025-07-21 22:32:34 | INFO     | services:generate_protocol:21 - Начинаю генерить протокол
2025-07-21 22:32:34 | DEBUG    | base_section:__init__:19 - Инициализация раздела протокола
2025-07-21 22:32:34 | DEBUG    | base_section:__init__:19 - Инициализация раздела протокола
2025-07-21 22:32:34 | DEBUG    | base_section:__init__:19 - Инициализация раздела протокола
2025-07-21 22:32:34 | DEBUG    | base_section:__init__:19 - Инициализация раздела протокола
2025-07-21 22:32:34 | DEBUG    | base_section:__init__:19 - Инициализация раздела протокола
2025-07-21 22:32:34 | DEBUG    | base_section:__init__:19 - Инициализация раздела протокола
2025-07-21 22:32:34 | INFO     | header_section:build:9 - Начало построения титульного листа
2025-07-21 22:32:34 | INFO     | base_section:_add_heading:27 - Добавление заголовка: ПРОТОКОЛ № __
2025-07-21 22:32:34 | DEBUG    | base_section:_add_paragraph:32 - Добавление абзаца: Испытательный центр: ООО «НИЦ «Кабель-Тест»Адрес: ...
2025-07-21 22:32:34 | DEBUG    | base_section:_add_table:39 - Создание таблицы: 3x3
2025-07-21 22:32:34 | SUCCESS  | header_section:build:31 - Титульный лист сформирован
2025-07-21 22:32:34 | INFO     | basis_section:build:7 - Формирование раздела 'Основание для испытаний'
2025-07-21 22:32:34 | INFO     | base_section:_add_heading:27 - Добавление заголовка: 1 Основание для проведения исытаний
2025-07-21 22:32:34 | DEBUG    | base_section:_add_paragraph:32 - Добавление абзаца: Документы на проведение сертификационных испытаний...
2025-07-21 22:32:34 | DEBUG    | basis_section:build:14 - Раздел для основания испытаний завершен
2025-07-21 22:32:34 | INFO     | customer_section:build:7 - Формирование раздела Информация о заказчике
2025-07-21 22:32:34 | INFO     | base_section:_add_heading:27 - Добавление заголовка: 2 Информация о заказчике
2025-07-21 22:32:34 | DEBUG    | base_section:_add_paragraph:32 - Добавление абзаца: Наименование: ОС «ВНИИНМАШ»
Юридический адрес: 119...
2025-07-21 22:32:34 | DEBUG    | customer_section:build:23 - Раздел 'Информация о заказчике' завершен
2025-07-21 22:32:34 | INFO     | equipment_section:build:7 - Формирование раздела 'Оборудование'
2025-07-21 22:32:34 | INFO     | base_section:_add_heading:27 - Добавление заголовка: 3 Перечень применяемого испытательного оборудования и средств измерений
2025-07-21 22:32:34 | DEBUG    | base_section:_add_table:39 - Создание таблицы: 6x8
2025-07-21 22:32:56 | INFO     | services:load_data:14 - Загрузка данных для протокола из JSON файла
2025-07-21 22:32:56 | SUCCESS  | services:load_data:16 - Данный для протокола успешно загружены
2025-07-21 22:32:56 | INFO     | services:generate_protocol:21 - Начинаю генерить протокол
2025-07-21 22:32:56 | DEBUG    | base_section:__init__:19 - Инициализация раздела протокола
2025-07-21 22:32:56 | DEBUG    | base_section:__init__:19 - Инициализация раздела протокола
2025-07-21 22:32:56 | DEBUG    | base_section:__init__:19 - Инициализация раздела протокола
2025-07-21 22:32:56 | DEBUG    | base_section:__init__:19 - Инициализация раздела протокола
2025-07-21 22:32:56 | DEBUG    | base_section:__init__:19 - Инициализация раздела протокола
2025-07-21 22:32:56 | DEBUG    | base_section:__init__:19 - Инициализация раздела протокола
2025-07-21 22:32:56 | INFO     | header_section:build:9 - Начало построения титульного листа
2025-07-21 22:32:56 | INFO     | base_section:_add_heading:27 - Добавление заголовка: ПРОТОКОЛ № __
2025-07-21 22:32:56 | DEBUG    | base_section:_add_paragraph:32 - Добавление абзаца: Испытательный центр: ООО «НИЦ «Кабель-Тест»Адрес: ...
2025-07-21 22:32:56 | DEBUG    | base_section:_add_table:39 - Создание таблицы: 3x3
2025-07-21 22:32:56 | SUCCESS  | header_section:build:31 - Титульный лист сформирован
2025-07-21 22:32:56 | INFO     | basis_section:build:7 - Формирование раздела 'Основание для испытаний'
2025-07-21 22:32:56 | INFO     | base_section:_add_heading:27 - Добавление заголовка: 1 Основание для проведения исытаний
2025-07-21 22:32:56 | DEBUG    | base_section:_add_paragraph:32 - Добавление абзаца: Документы на проведение сертификационных испытаний...
2025-07-21 22:32:56 | DEBUG    | basis_section:build:14 - Раздел для основания испытаний завершен
2025-07-21 22:32:56 | INFO     | customer_section:build:7 - Формирование раздела Информация о заказчике
2025-07-21 22:32:56 | INFO     | base_section:_add_heading:27 - Добавление заголовка: 2 Информация о заказчике
2025-07-21 22:32:56 | DEBUG    | base_section:_add_paragraph:32 - Добавление абзаца: Наименование: ОС «ВНИИНМАШ»
Юридический адрес: 119...
2025-07-21 22:32:56 | DEBUG    | customer_section:build:23 - Раздел 'Информация о заказчике' завершен
2025-07-21 22:32:56 | INFO     | equipment_section:build:7 - Формирование раздела 'Оборудование'
2025-07-21 22:32:56 | INFO     | base_section:_add_heading:27 - Добавление заголовка: 3 Перечень применяемого испытательного оборудования и средств измерений
2025-07-21 22:32:56 | DEBUG    | base_section:_add_table:39 - Создание таблицы: 6x8
2025-07-21 22:33:05 | INFO     | services:load_data:14 - Загрузка данных для протокола из JSON файла
2025-07-21 22:33:05 | SUCCESS  | services:load_data:16 - Данный для протокола успешно загружены
2025-07-21 22:33:05 | INFO     | services:generate_protocol:21 - Начинаю генерить протокол
2025-07-21 22:33:05 | DEBUG    | base_section:__init__:19 - Инициализация раздела протокола
2025-07-21 22:33:05 | DEBUG    | base_section:__init__:19 - Инициализация раздела протокола
2025-07-21 22:33:05 | DEBUG    | base_section:__init__:19 - Инициализация раздела протокола
2025-07-21 22:33:05 | DEBUG    | base_section:__init__:19 - Инициализация раздела протокола
2025-07-21 22:33:05 | DEBUG    | base_section:__init__:19 - Инициализация раздела протокола
2025-07-21 22:33:05 | DEBUG    | base_section:__init__:19 - Инициализация раздела протокола
2025-07-21 22:33:05 | INFO     | header_section:build:9 - Начало построения титульного листа
2025-07-21 22:33:05 | INFO     | base_section:_add_heading:27 - Добавление заголовка: ПРОТОКОЛ № __
2025-07-21 22:33:05 | DEBUG    | base_section:_add_paragraph:32 - Добавление абзаца: Испытательный центр: ООО «НИЦ «Кабель-Тест»Адрес: ...
2025-07-21 22:33:05 | DEBUG    | base_section:_add_table:39 - Создание таблицы: 3x3
2025-07-21 22:33:05 | SUCCESS  | header_section:build:31 - Титульный лист сформирован
2025-07-21 22:33:05 | INFO     | basis_section:build:7 - Формирование раздела 'Основание для испытаний'
2025-07-21 22:33:05 | INFO     | base_section:_add_heading:27 - Добавление заголовка: 1 Основание для проведения исытаний
2025-07-21 22:33:05 | DEBUG    | base_section:_add_paragraph:32 - Добавление абзаца: Документы на проведение сертификационных испытаний...
2025-07-21 22:33:05 | DEBUG    | basis_section:build:14 - Раздел для основания испытаний завершен
2025-07-21 22:33:05 | INFO     | customer_section:build:7 - Формирование раздела Информация о заказчике
2025-07-21 22:33:05 | INFO     | base_section:_add_heading:27 - Добавление заголовка: 2 Информация о заказчике
2025-07-21 22:33:05 | DEBUG    | base_section:_add_paragraph:32 - Добавление абзаца: Наименование: ОС «ВНИИНМАШ»
Юридический адрес: 119...
2025-07-21 22:33:05 | DEBUG    | customer_section:build:23 - Раздел 'Информация о заказчике' завершен
2025-07-21 22:33:05 | INFO     | equipment_section:build:7 - Формирование раздела 'Оборудование'
2025-07-21 22:33:05 | INFO     | base_section:_add_heading:27 - Добавление заголовка: 3 Перечень применяемого испытательного оборудования и средств измерений
2025-07-21 22:33:05 | DEBUG    | base_section:_add_table:39 - Создание таблицы: 6x8
2025-07-21 22:40:31 | INFO     | services:load_data:14 - Загрузка данных для протокола из JSON файла
2025-07-21 22:40:31 | SUCCESS  | services:load_data:16 - Данный для протокола успешно загружены
2025-07-21 22:40:31 | INFO     | services:generate_protocol:21 - Начинаю генерить протокол
2025-07-21 22:40:31 | DEBUG    | base_section:__init__:19 - Инициализация раздела протокола
2025-07-21 22:40:31 | DEBUG    | base_section:__init__:19 - Инициализация раздела протокола
2025-07-21 22:40:31 | DEBUG    | base_section:__init__:19 - Инициализация раздела протокола
2025-07-21 22:40:31 | DEBUG    | base_section:__init__:19 - Инициализация раздела протокола
2025-07-21 22:40:31 | DEBUG    | base_section:__init__:19 - Инициализация раздела протокола
2025-07-21 22:40:31 | DEBUG    | base_section:__init__:19 - Инициализация раздела протокола
2025-07-21 22:40:31 | INFO     | header_section:build:9 - Начало построения титульного листа
2025-07-21 22:40:31 | INFO     | base_section:_add_heading:27 - Добавление заголовка: ПРОТОКОЛ № __
2025-07-21 22:40:31 | DEBUG    | base_section:_add_paragraph:32 - Добавление абзаца: Испытательный центр: ООО «НИЦ «Кабель-Тест»Адрес: ...
2025-07-21 22:40:31 | DEBUG    | base_section:_add_table:39 - Создание таблицы: 3x3
2025-07-21 22:40:31 | SUCCESS  | header_section:build:31 - Титульный лист сформирован
2025-07-21 22:40:31 | INFO     | basis_section:build:7 - Формирование раздела 'Основание для испытаний'
2025-07-21 22:40:31 | INFO     | base_section:_add_heading:27 - Добавление заголовка: 1 Основание для проведения исытаний
2025-07-21 22:40:31 | DEBUG    | base_section:_add_paragraph:32 - Добавление абзаца: Документы на проведение сертификационных испытаний...
2025-07-21 22:40:31 | DEBUG    | basis_section:build:14 - Раздел для основания испытаний завершен
2025-07-21 22:40:31 | INFO     | customer_section:build:7 - Формирование раздела Информация о заказчике
2025-07-21 22:40:31 | INFO     | base_section:_add_heading:27 - Добавление заголовка: 2 Информация о заказчике
2025-07-21 22:40:31 | DEBUG    | base_section:_add_paragraph:32 - Добавление абзаца: Наименование: ОС «ВНИИНМАШ»
Юридический адрес: 119...
2025-07-21 22:40:31 | DEBUG    | customer_section:build:23 - Раздел 'Информация о заказчике' завершен
2025-07-21 22:40:31 | INFO     | equipment_section:build:8 - Формирование раздела 'Оборудование'
2025-07-21 22:40:31 | INFO     | base_section:_add_heading:27 - Добавление заголовка: 3 Перечень применяемого испытательного оборудования и средств измерений
2025-07-21 22:40:31 | DEBUG    | base_section:_add_table:39 - Создание таблицы: 6x8
2025-07-21 22:40:31 | SUCCESS  | equipment_section:build:43 - Добавлено 5 единиц оборудования
2025-07-21 22:40:31 | INFO     | test_result_section:build:8 - Начало формировани раздела 'Результаты испытаний'
2025-07-21 22:40:31 | INFO     | base_section:_add_heading:27 - Добавление заголовка: 4 Результаты испытаний на соответствие техническим требованиям            представлены в таблице 2
2025-07-21 22:40:31 | INFO     | signatures_section:build:8 - Формирование раздела 'Подписи'
2025-07-21 22:40:31 | DEBUG    | base_section:_add_paragraph:32 - Добавление абзаца: Испытания провели: Н.Е. Молчанов...
2025-07-21 22:40:31 | DEBUG    | base_section:_add_table:39 - Создание таблицы: 2x2
2025-07-21 22:40:31 | DEBUG    | signatures_section:build:17 - Раздел "Подписи" завершен
2025-07-21 22:40:31 | SUCCESS  | services:generate_protocol:24 - Протокол успшно создан: D:\My_projects\protocol_generator\output\Протокол_МСЭО 15-11 2х0,12.docx
2025-07-21 22:41:15 | INFO     | services:load_data:14 - Загрузка данных для протокола из JSON файла
2025-07-21 22:41:15 | SUCCESS  | services:load_data:16 - Данный для протокола успешно загружены
2025-07-21 22:41:15 | INFO     | services:generate_protocol:21 - Начинаю генерить протокол
2025-07-21 22:41:15 | DEBUG    | base_section:__init__:19 - Инициализация раздела протокола
2025-07-21 22:41:15 | DEBUG    | base_section:__init__:19 - Инициализация раздела протокола
2025-07-21 22:41:15 | DEBUG    | base_section:__init__:19 - Инициализация раздела протокола
2025-07-21 22:41:15 | DEBUG    | base_section:__init__:19 - Инициализация раздела протокола
2025-07-21 22:41:15 | DEBUG    | base_section:__init__:19 - Инициализация раздела протокола
2025-07-21 22:41:15 | DEBUG    | base_section:__init__:19 - Инициализация раздела протокола
2025-07-21 22:41:15 | INFO     | header_section:build:9 - Начало построения титульного листа
2025-07-21 22:41:15 | INFO     | base_section:_add_heading:27 - Добавление заголовка: ПРОТОКОЛ № __
2025-07-21 22:41:15 | DEBUG    | base_section:_add_paragraph:32 - Добавление абзаца: Испытательный центр: ООО «НИЦ «Кабель-Тест»Адрес: ...
2025-07-21 22:41:15 | DEBUG    | base_section:_add_table:39 - Создание таблицы: 3x3
2025-07-21 22:41:15 | SUCCESS  | header_section:build:31 - Титульный лист сформирован
2025-07-21 22:41:15 | INFO     | basis_section:build:7 - Формирование раздела 'Основание для испытаний'
2025-07-21 22:41:15 | INFO     | base_section:_add_heading:27 - Добавление заголовка: 1 Основание для проведения исытаний
2025-07-21 22:41:15 | DEBUG    | base_section:_add_paragraph:32 - Добавление абзаца: Документы на проведение сертификационных испытаний...
2025-07-21 22:41:15 | DEBUG    | basis_section:build:14 - Раздел для основания испытаний завершен
2025-07-21 22:41:15 | INFO     | customer_section:build:7 - Формирование раздела Информация о заказчике
2025-07-21 22:41:15 | INFO     | base_section:_add_heading:27 - Добавление заголовка: 2 Информация о заказчике
2025-07-21 22:41:15 | DEBUG    | base_section:_add_paragraph:32 - Добавление абзаца: Наименование: ОС «ВНИИНМАШ»
Юридический адрес: 119...
2025-07-21 22:41:15 | DEBUG    | customer_section:build:23 - Раздел 'Информация о заказчике' завершен
2025-07-21 22:41:15 | INFO     | equipment_section:build:8 - Формирование раздела 'Оборудование'
2025-07-21 22:41:15 | INFO     | base_section:_add_heading:27 - Добавление заголовка: 3 Перечень применяемого испытательного оборудования и средств измерений
2025-07-21 22:41:15 | DEBUG    | base_section:_add_table:39 - Создание таблицы: 6x8
2025-07-21 22:41:15 | SUCCESS  | equipment_section:build:43 - Добавлено 5 единиц оборудования
2025-07-21 22:41:15 | INFO     | test_result_section:build:8 - Начало формировани раздела 'Результаты испытаний'
2025-07-21 22:41:15 | INFO     | base_section:_add_heading:27 - Добавление заголовка: 4 Результаты испытаний на соответствие техническим требованиям            представлены в таблице 2
2025-07-21 22:41:15 | INFO     | signatures_section:build:8 - Формирование раздела 'Подписи'
2025-07-21 22:41:15 | DEBUG    | base_section:_add_paragraph:32 - Добавление абзаца: Испытания провели: Н.Е. Молчанов...
2025-07-21 22:41:15 | DEBUG    | base_section:_add_table:39 - Создание таблицы: 2x2
2025-07-21 22:41:15 | DEBUG    | signatures_section:build:17 - Раздел "Подписи" завершен
2025-07-21 22:41:15 | SUCCESS  | services:generate_protocol:24 - Протокол успшно создан: D:\My_projects\protocol_generator\output\Протокол_МСЭО 15-11 2х0,12.docx
2025-07-21 22:42:16 | INFO     | services:load_data:14 - Загрузка данных для протокола из JSON файла
2025-07-21 22:42:16 | SUCCESS  | services:load_data:16 - Данный для протокола успешно загружены
2025-07-21 22:42:16 | INFO     | services:generate_protocol:21 - Начинаю генерить протокол
2025-07-21 22:42:16 | DEBUG    | base_section:__init__:19 - Инициализация раздела протокола
2025-07-21 22:42:16 | DEBUG    | base_section:__init__:19 - Инициализация раздела протокола
2025-07-21 22:42:16 | DEBUG    | base_section:__init__:19 - Инициализация раздела протокола
2025-07-21 22:42:16 | DEBUG    | base_section:__init__:19 - Инициализация раздела протокола
2025-07-21 22:42:16 | DEBUG    | base_section:__init__:19 - Инициализация раздела протокола
2025-07-21 22:42:16 | DEBUG    | base_section:__init__:19 - Инициализация раздела протокола
2025-07-21 22:42:16 | INFO     | header_section:build:9 - Начало построения титульного листа
2025-07-21 22:42:16 | INFO     | base_section:_add_heading:27 - Добавление заголовка: ПРОТОКОЛ № __
2025-07-21 22:42:16 | DEBUG    | base_section:_add_paragraph:32 - Добавление абзаца: Испытательный центр: ООО «НИЦ «Кабель-Тест»Адрес: ...
2025-07-21 22:42:16 | DEBUG    | base_section:_add_table:39 - Создание таблицы: 3x3
2025-07-21 22:42:16 | SUCCESS  | header_section:build:31 - Титульный лист сформирован
2025-07-21 22:42:16 | INFO     | basis_section:build:7 - Формирование раздела 'Основание для испытаний'
2025-07-21 22:42:16 | INFO     | base_section:_add_heading:27 - Добавление заголовка: 1 Основание для проведения исытаний
2025-07-21 22:42:16 | DEBUG    | base_section:_add_paragraph:32 - Добавление абзаца: Документы на проведение сертификационных испытаний...
2025-07-21 22:42:16 | DEBUG    | basis_section:build:14 - Раздел для основания испытаний завершен
2025-07-21 22:42:16 | INFO     | customer_section:build:7 - Формирование раздела Информация о заказчике
2025-07-21 22:42:16 | INFO     | base_section:_add_heading:27 - Добавление заголовка: 2 Информация о заказчике
2025-07-21 22:42:16 | DEBUG    | base_section:_add_paragraph:32 - Добавление абзаца: Наименование: ОС «ВНИИНМАШ»
Юридический адрес: 119...
2025-07-21 22:42:16 | DEBUG    | customer_section:build:23 - Раздел 'Информация о заказчике' завершен
2025-07-21 22:42:16 | INFO     | equipment_section:build:8 - Формирование раздела 'Оборудование'
2025-07-21 22:42:16 | INFO     | base_section:_add_heading:27 - Добавление заголовка: 3 Перечень применяемого испытательного оборудования и средств измерений
2025-07-21 22:42:16 | DEBUG    | base_section:_add_table:39 - Создание таблицы: 6x8
2025-07-21 22:42:16 | SUCCESS  | equipment_section:build:43 - Добавлено 5 единиц оборудования
2025-07-21 22:42:16 | INFO     | test_result_section:build:8 - Начало формировани раздела 'Результаты испытаний'
2025-07-21 22:42:16 | INFO     | base_section:_add_heading:27 - Добавление заголовка: 4 Результаты испытаний на соответствие техническим требованиям            представлены в таблице 2
2025-07-21 22:42:16 | INFO     | signatures_section:build:8 - Формирование раздела 'Подписи'
2025-07-21 22:42:16 | DEBUG    | base_section:_add_paragraph:32 - Добавление абзаца: Испытания провели: Н.Е. Молчанов...
2025-07-21 22:42:16 | DEBUG    | base_section:_add_table:39 - Создание таблицы: 2x2
2025-07-21 22:42:16 | DEBUG    | signatures_section:build:17 - Раздел "Подписи" завершен
2025-07-21 22:42:16 | SUCCESS  | services:generate_protocol:24 - Протокол успшно создан: D:\My_projects\protocol_generator\output\Протокол_МСЭО 15-11 2х0,12.docx
2025-07-21 22:43:37 | INFO     | services:load_data:14 - Загрузка данных для протокола из JSON файла
2025-07-21 22:43:37 | SUCCESS  | services:load_data:16 - Данный для протокола успешно загружены
2025-07-21 22:43:37 | INFO     | services:generate_protocol:21 - Начинаю генерить протокол
2025-07-21 22:43:37 | DEBUG    | base_section:__init__:19 - Инициализация раздела протокола
2025-07-21 22:43:37 | DEBUG    | base_section:__init__:19 - Инициализация раздела протокола
2025-07-21 22:43:37 | DEBUG    | base_section:__init__:19 - Инициализация раздела протокола
2025-07-21 22:43:37 | DEBUG    | base_section:__init__:19 - Инициализация раздела протокола
2025-07-21 22:43:37 | DEBUG    | base_section:__init__:19 - Инициализация раздела протокола
2025-07-21 22:43:37 | DEBUG    | base_section:__init__:19 - Инициализация раздела протокола
2025-07-21 22:43:37 | INFO     | header_section:build:9 - Начало построения титульного листа
2025-07-21 22:43:37 | INFO     | base_section:_add_heading:27 - Добавление заголовка: ПРОТОКОЛ № __
2025-07-21 22:43:37 | DEBUG    | base_section:_add_paragraph:32 - Добавление абзаца: Испытательный центр: ООО «НИЦ «Кабель-Тест»Адрес: ...
2025-07-21 22:43:37 | DEBUG    | base_section:_add_table:39 - Создание таблицы: 3x3
2025-07-21 22:43:37 | SUCCESS  | header_section:build:31 - Титульный лист сформирован
2025-07-21 22:43:37 | INFO     | basis_section:build:7 - Формирование раздела 'Основание для испытаний'
2025-07-21 22:43:37 | INFO     | base_section:_add_heading:27 - Добавление заголовка: 1 Основание для проведения исытаний
2025-07-21 22:43:37 | DEBUG    | base_section:_add_paragraph:32 - Добавление абзаца: Документы на проведение сертификационных испытаний...
2025-07-21 22:43:37 | DEBUG    | basis_section:build:14 - Раздел для основания испытаний завершен
2025-07-21 22:43:37 | INFO     | customer_section:build:7 - Формирование раздела Информация о заказчике
2025-07-21 22:43:37 | INFO     | base_section:_add_heading:27 - Добавление заголовка: 2 Информация о заказчике
2025-07-21 22:43:37 | DEBUG    | base_section:_add_paragraph:32 - Добавление абзаца: Наименование: ОС «ВНИИНМАШ»
Юридический адрес: 119...
2025-07-21 22:43:37 | DEBUG    | customer_section:build:23 - Раздел 'Информация о заказчике' завершен
2025-07-21 22:43:37 | INFO     | equipment_section:build:8 - Формирование раздела 'Оборудование'
2025-07-21 22:43:37 | INFO     | base_section:_add_heading:27 - Добавление заголовка: 3 Перечень применяемого испытательного оборудования и средств измерений
2025-07-21 22:43:37 | DEBUG    | base_section:_add_table:39 - Создание таблицы: 6x8
2025-07-21 22:43:37 | SUCCESS  | equipment_section:build:42 - Добавлено 5 единиц оборудования
2025-07-21 22:43:37 | INFO     | test_result_section:build:8 - Начало формировани раздела 'Результаты испытаний'
2025-07-21 22:43:37 | INFO     | base_section:_add_heading:27 - Добавление заголовка: 4 Результаты испытаний на соответствие техническим требованиям            представлены в таблице 2
2025-07-21 22:43:37 | INFO     | signatures_section:build:8 - Формирование раздела 'Подписи'
2025-07-21 22:43:37 | DEBUG    | base_section:_add_paragraph:32 - Добавление абзаца: Испытания провели: Н.Е. Молчанов...
2025-07-21 22:43:37 | DEBUG    | base_section:_add_table:39 - Создание таблицы: 2x2
2025-07-21 22:43:37 | DEBUG    | signatures_section:build:17 - Раздел "Подписи" завершен
2025-07-21 22:43:37 | SUCCESS  | services:generate_protocol:24 - Протокол успшно создан: D:\My_projects\protocol_generator\output\Протокол_МСЭО 15-11 2х0,12.docx
